Analysis & Synthesis report for collatz
Tue Jan 15 06:25:12 2019
Quartus Prime Version 18.0.0 Build 614 04/24/2018 SJ Lite Edition


---------------------
; Table of Contents ;
---------------------
  1. Legal Notice
  2. Analysis & Synthesis Summary
  3. Analysis & Synthesis Settings
  4. Parallel Compilation
  5. Analysis & Synthesis Source Files Read
  6. Analysis & Synthesis Resource Usage Summary
  7. Analysis & Synthesis Resource Utilization by Entity
  8. Analysis & Synthesis RAM Summary
  9. Analysis & Synthesis IP Cores Summary
 10. General Register Statistics
 11. Inverted Register Statistics
 12. Multiplexer Restructuring Statistics (Restructuring Performed)
 13. Source assignments for ram_wrap:ram_wrap_inst|ram_2_port:ram_2_port_inst|altsyncram:altsyncram_component|altsyncram_b314:auto_generated
 14. Parameter Settings for User Entity Instance: ram_wrap:ram_wrap_inst|ram_2_port:ram_2_port_inst|altsyncram:altsyncram_component
 15. altsyncram Parameter Settings by Entity Instance
 16. Post-Synthesis Netlist Statistics for Top Partition
 17. Elapsed Time Per Partition
 18. Analysis & Synthesis Messages



----------------
; Legal Notice ;
----------------
Copyright (C) 2018  Intel Corporation. All rights reserved.
Your use of Intel Corporation's design tools, logic functions 
and other software and tools, and its AMPP partner logic 
functions, and any output files from any of the foregoing 
(including device programming or simulation files), and any 
associated documentation or information are expressly subject 
to the terms and conditions of the Intel Program License 
Subscription Agreement, the Intel Quartus Prime License Agreement,
the Intel FPGA IP License Agreement, or other applicable license
agreement, including, without limitation, that your use is for
the sole purpose of programming logic devices manufactured by
Intel and sold by Intel or its authorized distributors.  Please
refer to the applicable agreement for further details.



+-------------------------------------------------------------------------------+
; Analysis & Synthesis Summary                                                  ;
+---------------------------------+---------------------------------------------+
; Analysis & Synthesis Status     ; Successful - Tue Jan 15 06:25:11 2019       ;
; Quartus Prime Version           ; 18.0.0 Build 614 04/24/2018 SJ Lite Edition ;
; Revision Name                   ; collatz                                     ;
; Top-level Entity Name           ; collatz                                     ;
; Family                          ; Cyclone V                                   ;
; Logic utilization (in ALMs)     ; N/A                                         ;
; Total registers                 ; 766                                         ;
; Total pins                      ; 177                                         ;
; Total virtual pins              ; 0                                           ;
; Total block memory bits         ; 13,824                                      ;
; Total DSP Blocks                ; 0                                           ;
; Total HSSI RX PCSs              ; 0                                           ;
; Total HSSI PMA RX Deserializers ; 0                                           ;
; Total HSSI TX PCSs              ; 0                                           ;
; Total HSSI PMA TX Serializers   ; 0                                           ;
; Total PLLs                      ; 0                                           ;
; Total DLLs                      ; 0                                           ;
+---------------------------------+---------------------------------------------+


+---------------------------------------------------------------------------------------------------------------------------+
; Analysis & Synthesis Settings                                                                                             ;
+---------------------------------------------------------------------------------+--------------------+--------------------+
; Option                                                                          ; Setting            ; Default Value      ;
+---------------------------------------------------------------------------------+--------------------+--------------------+
; Device                                                                          ; 5CGXFC7C7F23C8     ;                    ;
; Top-level entity name                                                           ; collatz            ; collatz            ;
; Family name                                                                     ; Cyclone V          ; Cyclone V          ;
; Use smart compilation                                                           ; Off                ; Off                ;
; Enable parallel Assembler and Timing Analyzer during compilation                ; On                 ; On                 ;
; Enable compact report table                                                     ; Off                ; Off                ;
; Restructure Multiplexers                                                        ; Auto               ; Auto               ;
; MLAB Add Timing Constraints For Mixed-Port Feed-Through Mode Setting Don't Care ; Off                ; Off                ;
; Create Debugging Nodes for IP Cores                                             ; Off                ; Off                ;
; Preserve fewer node names                                                       ; On                 ; On                 ;
; Intel FPGA IP Evaluation Mode                                                   ; Enable             ; Enable             ;
; Verilog Version                                                                 ; Verilog_2001       ; Verilog_2001       ;
; VHDL Version                                                                    ; VHDL_1993          ; VHDL_1993          ;
; State Machine Processing                                                        ; Auto               ; Auto               ;
; Safe State Machine                                                              ; Off                ; Off                ;
; Extract Verilog State Machines                                                  ; On                 ; On                 ;
; Extract VHDL State Machines                                                     ; On                 ; On                 ;
; Ignore Verilog initial constructs                                               ; Off                ; Off                ;
; Iteration limit for constant Verilog loops                                      ; 5000               ; 5000               ;
; Iteration limit for non-constant Verilog loops                                  ; 250                ; 250                ;
; Add Pass-Through Logic to Inferred RAMs                                         ; On                 ; On                 ;
; Infer RAMs from Raw Logic                                                       ; On                 ; On                 ;
; Parallel Synthesis                                                              ; On                 ; On                 ;
; DSP Block Balancing                                                             ; Auto               ; Auto               ;
; NOT Gate Push-Back                                                              ; On                 ; On                 ;
; Power-Up Don't Care                                                             ; On                 ; On                 ;
; Remove Redundant Logic Cells                                                    ; Off                ; Off                ;
; Remove Duplicate Registers                                                      ; On                 ; On                 ;
; Ignore CARRY Buffers                                                            ; Off                ; Off                ;
; Ignore CASCADE Buffers                                                          ; Off                ; Off                ;
; Ignore GLOBAL Buffers                                                           ; Off                ; Off                ;
; Ignore ROW GLOBAL Buffers                                                       ; Off                ; Off                ;
; Ignore LCELL Buffers                                                            ; Off                ; Off                ;
; Ignore SOFT Buffers                                                             ; On                 ; On                 ;
; Limit AHDL Integers to 32 Bits                                                  ; Off                ; Off                ;
; Optimization Technique                                                          ; Balanced           ; Balanced           ;
; Carry Chain Length                                                              ; 70                 ; 70                 ;
; Auto Carry Chains                                                               ; On                 ; On                 ;
; Auto Open-Drain Pins                                                            ; On                 ; On                 ;
; Perform WYSIWYG Primitive Resynthesis                                           ; Off                ; Off                ;
; Auto ROM Replacement                                                            ; On                 ; On                 ;
; Auto RAM Replacement                                                            ; On                 ; On                 ;
; Auto DSP Block Replacement                                                      ; On                 ; On                 ;
; Auto Shift Register Replacement                                                 ; Auto               ; Auto               ;
; Allow Shift Register Merging across Hierarchies                                 ; Auto               ; Auto               ;
; Auto Clock Enable Replacement                                                   ; On                 ; On                 ;
; Strict RAM Replacement                                                          ; Off                ; Off                ;
; Allow Synchronous Control Signals                                               ; On                 ; On                 ;
; Force Use of Synchronous Clear Signals                                          ; Off                ; Off                ;
; Auto Resource Sharing                                                           ; Off                ; Off                ;
; Allow Any RAM Size For Recognition                                              ; Off                ; Off                ;
; Allow Any ROM Size For Recognition                                              ; Off                ; Off                ;
; Allow Any Shift Register Size For Recognition                                   ; Off                ; Off                ;
; Use LogicLock Constraints during Resource Balancing                             ; On                 ; On                 ;
; Ignore translate_off and synthesis_off directives                               ; Off                ; Off                ;
; Timing-Driven Synthesis                                                         ; On                 ; On                 ;
; Report Parameter Settings                                                       ; On                 ; On                 ;
; Report Source Assignments                                                       ; On                 ; On                 ;
; Report Connectivity Checks                                                      ; On                 ; On                 ;
; Ignore Maximum Fan-Out Assignments                                              ; Off                ; Off                ;
; Synchronization Register Chain Length                                           ; 3                  ; 3                  ;
; Power Optimization During Synthesis                                             ; Normal compilation ; Normal compilation ;
; HDL message level                                                               ; Level2             ; Level2             ;
; Suppress Register Optimization Related Messages                                 ; Off                ; Off                ;
; Number of Removed Registers Reported in Synthesis Report                        ; 5000               ; 5000               ;
; Number of Swept Nodes Reported in Synthesis Report                              ; 5000               ; 5000               ;
; Number of Inverted Registers Reported in Synthesis Report                       ; 100                ; 100                ;
; Clock MUX Protection                                                            ; On                 ; On                 ;
; Auto Gated Clock Conversion                                                     ; Off                ; Off                ;
; Block Design Naming                                                             ; Auto               ; Auto               ;
; SDC constraint protection                                                       ; Off                ; Off                ;
; Synthesis Effort                                                                ; Auto               ; Auto               ;
; Shift Register Replacement - Allow Asynchronous Clear Signal                    ; On                 ; On                 ;
; Pre-Mapping Resynthesis Optimization                                            ; Off                ; Off                ;
; Analysis & Synthesis Message Level                                              ; Medium             ; Medium             ;
; Disable Register Merging Across Hierarchies                                     ; Auto               ; Auto               ;
; Resource Aware Inference For Block RAM                                          ; On                 ; On                 ;
; Automatic Parallel Synthesis                                                    ; On                 ; On                 ;
; Partial Reconfiguration Bitstream ID                                            ; Off                ; Off                ;
+---------------------------------------------------------------------------------+--------------------+--------------------+


+------------------------------------------+
; Parallel Compilation                     ;
+----------------------------+-------------+
; Processors                 ; Number      ;
+----------------------------+-------------+
; Number detected on machine ; 2           ;
; Maximum allowed            ; 2           ;
;                            ;             ;
; Average used               ; 1.00        ;
; Maximum used               ; 2           ;
;                            ;             ;
; Usage by Processor         ; % Time Used ;
;     Processor 1            ; 100.0%      ;
;     Processor 2            ;   0.0%      ;
+----------------------------+-------------+


+---------------------------------------------------------------------------------------------------------------------------------------------------------------------------------------+
; Analysis & Synthesis Source Files Read                                                                                                                                                ;
+----------------------------------+-----------------+------------------------------+-----------------------------------------------------------------------------------------+---------+
; File Name with User-Entered Path ; Used in Netlist ; File Type                    ; File Name with Absolute Path                                                            ; Library ;
+----------------------------------+-----------------+------------------------------+-----------------------------------------------------------------------------------------+---------+
; ram_wrap.vhd                     ; yes             ; User VHDL File               ; /vagrant/hw_report_2018/ram_wrap.vhd                                                    ;         ;
; ram_2_port.vhd                   ; yes             ; User Wizard-Generated File   ; /vagrant/hw_report_2018/ram_2_port.vhd                                                  ;         ;
; types.vhd                        ; yes             ; User VHDL File               ; /vagrant/hw_report_2018/types.vhd                                                       ;         ;
; sort.vhd                         ; yes             ; User VHDL File               ; /vagrant/hw_report_2018/sort.vhd                                                        ;         ;
; pending.vhd                      ; yes             ; User VHDL File               ; /vagrant/hw_report_2018/pending.vhd                                                     ;         ;
; count_clk.vhd                    ; yes             ; User VHDL File               ; /vagrant/hw_report_2018/count_clk.vhd                                                   ;         ;
; control.vhd                      ; yes             ; User VHDL File               ; /vagrant/hw_report_2018/control.vhd                                                     ;         ;
; collatz.vhd                      ; yes             ; User VHDL File               ; /vagrant/hw_report_2018/collatz.vhd                                                     ;         ;
; climb.vhd                        ; yes             ; User VHDL File               ; /vagrant/hw_report_2018/climb.vhd                                                       ;         ;
; altsyncram.tdf                   ; yes             ; Megafunction                 ; /home/vagrant/intelFPGA_lite/18.0/quartus/libraries/megafunctions/altsyncram.tdf        ;         ;
; stratix_ram_block.inc            ; yes             ; Megafunction                 ; /home/vagrant/intelFPGA_lite/18.0/quartus/libraries/megafunctions/stratix_ram_block.inc ;         ;
; lpm_mux.inc                      ; yes             ; Megafunction                 ; /home/vagrant/intelFPGA_lite/18.0/quartus/libraries/megafunctions/lpm_mux.inc           ;         ;
; lpm_decode.inc                   ; yes             ; Megafunction                 ; /home/vagrant/intelFPGA_lite/18.0/quartus/libraries/megafunctions/lpm_decode.inc        ;         ;
; aglobal180.inc                   ; yes             ; Megafunction                 ; /home/vagrant/intelFPGA_lite/18.0/quartus/libraries/megafunctions/aglobal180.inc        ;         ;
; a_rdenreg.inc                    ; yes             ; Megafunction                 ; /home/vagrant/intelFPGA_lite/18.0/quartus/libraries/megafunctions/a_rdenreg.inc         ;         ;
; altrom.inc                       ; yes             ; Megafunction                 ; /home/vagrant/intelFPGA_lite/18.0/quartus/libraries/megafunctions/altrom.inc            ;         ;
; altram.inc                       ; yes             ; Megafunction                 ; /home/vagrant/intelFPGA_lite/18.0/quartus/libraries/megafunctions/altram.inc            ;         ;
; altdpram.inc                     ; yes             ; Megafunction                 ; /home/vagrant/intelFPGA_lite/18.0/quartus/libraries/megafunctions/altdpram.inc          ;         ;
; db/altsyncram_b314.tdf           ; yes             ; Auto-Generated Megafunction  ; /vagrant/hw_report_2018/db/altsyncram_b314.tdf                                          ;         ;
+----------------------------------+-----------------+------------------------------+-----------------------------------------------------------------------------------------+---------+


+---------------------------------------------------------+
; Analysis & Synthesis Resource Usage Summary             ;
+---------------------------------------------+-----------+
; Resource                                    ; Usage     ;
+---------------------------------------------+-----------+
; Estimate of Logic utilization (ALMs needed) ; 1340      ;
;                                             ;           ;
; Combinational ALUT usage for logic          ; 1931      ;
;     -- 7 input functions                    ; 17        ;
;     -- 6 input functions                    ; 628       ;
;     -- 5 input functions                    ; 327       ;
;     -- 4 input functions                    ; 312       ;
;     -- <=3 input functions                  ; 647       ;
;                                             ;           ;
; Dedicated logic registers                   ; 766       ;
;                                             ;           ;
; I/O pins                                    ; 177       ;
; Total MLAB memory bits                      ; 0         ;
; Total block memory bits                     ; 13824     ;
;                                             ;           ;
; Total DSP Blocks                            ; 0         ;
;                                             ;           ;
; Maximum fan-out node                        ; clk~input ;
; Maximum fan-out                             ; 793       ;
; Total fan-out                               ; 11993     ;
; Average fan-out                             ; 3.90      ;
+---------------------------------------------+-----------+


+--------------------------------------------------------------------------------------------------------------------------------------------------------------------------------------------------------------------------------------------------------------------------------------------------------------------+
; Analysis & Synthesis Resource Utilization by Entity                                                                                                                                                                                                                                                                ;
+----------------------------------------------+---------------------+---------------------------+-------------------+------------+------+--------------+---------------------------------------------------------------------------------------------------------------------------+-----------------+--------------+
; Compilation Hierarchy Node                   ; Combinational ALUTs ; Dedicated Logic Registers ; Block Memory Bits ; DSP Blocks ; Pins ; Virtual Pins ; Full Hierarchy Name                                                                                                       ; Entity Name     ; Library Name ;
+----------------------------------------------+---------------------+---------------------------+-------------------+------------+------+--------------+---------------------------------------------------------------------------------------------------------------------------+-----------------+--------------+
; |collatz                                     ; 1931 (0)            ; 766 (0)                   ; 13824             ; 0          ; 177  ; 0            ; |collatz                                                                                                                  ; collatz         ; work         ;
;    |climb:climb_a|                           ; 268 (268)           ; 90 (90)                   ; 0                 ; 0          ; 0    ; 0            ; |collatz|climb:climb_a                                                                                                    ; climb           ; work         ;
;    |climb:climb_b|                           ; 267 (267)           ; 90 (90)                   ; 0                 ; 0          ; 0    ; 0            ; |collatz|climb:climb_b                                                                                                    ; climb           ; work         ;
;    |control:control_inst|                    ; 137 (137)           ; 147 (147)                 ; 0                 ; 0          ; 0    ; 0            ; |collatz|control:control_inst                                                                                             ; control         ; work         ;
;    |count_clk:count_clk_inst|                ; 32 (32)             ; 32 (32)                   ; 0                 ; 0          ; 0    ; 0            ; |collatz|count_clk:count_clk_inst                                                                                         ; count_clk       ; work         ;
;    |pending:pending_inst|                    ; 107 (107)           ; 263 (263)                 ; 0                 ; 0          ; 0    ; 0            ; |collatz|pending:pending_inst                                                                                             ; pending         ; work         ;
;    |ram_wrap:ram_wrap_inst|                  ; 0 (0)               ; 0 (0)                     ; 13824             ; 0          ; 0    ; 0            ; |collatz|ram_wrap:ram_wrap_inst                                                                                           ; ram_wrap        ; work         ;
;       |ram_2_port:ram_2_port_inst|           ; 0 (0)               ; 0 (0)                     ; 13824             ; 0          ; 0    ; 0            ; |collatz|ram_wrap:ram_wrap_inst|ram_2_port:ram_2_port_inst                                                                ; ram_2_port      ; work         ;
;          |altsyncram:altsyncram_component|   ; 0 (0)               ; 0 (0)                     ; 13824             ; 0          ; 0    ; 0            ; |collatz|ram_wrap:ram_wrap_inst|ram_2_port:ram_2_port_inst|altsyncram:altsyncram_component                                ; altsyncram      ; work         ;
;             |altsyncram_b314:auto_generated| ; 0 (0)               ; 0 (0)                     ; 13824             ; 0          ; 0    ; 0            ; |collatz|ram_wrap:ram_wrap_inst|ram_2_port:ram_2_port_inst|altsyncram:altsyncram_component|altsyncram_b314:auto_generated ; altsyncram_b314 ; work         ;
;    |sort:sort_inst|                          ; 1120 (1120)         ; 144 (144)                 ; 0                 ; 0          ; 0    ; 0            ; |collatz|sort:sort_inst                                                                                                   ; sort            ; work         ;
+----------------------------------------------+---------------------+---------------------------+-------------------+------------+------+--------------+---------------------------------------------------------------------------------------------------------------------------+-----------------+--------------+
Note: For table entries with two numbers listed, the numbers in parentheses indicate the number of resources of the given type used by the specific entity alone. The numbers listed outside of parentheses indicate the total resources of the given type used by the specific entity and all of its sub-entities in the hierarchy.


+--------------------------------------------------------------------------------------------------------------------------------------------------------------------------------------------------------------------------------+
; Analysis & Synthesis RAM Summary                                                                                                                                                                                               ;
+-----------------------------------------------------------------------------------------------------------------------------+------+----------------+--------------+--------------+--------------+--------------+-------+------+
; Name                                                                                                                        ; Type ; Mode           ; Port A Depth ; Port A Width ; Port B Depth ; Port B Width ; Size  ; MIF  ;
+-----------------------------------------------------------------------------------------------------------------------------+------+----------------+--------------+--------------+--------------+--------------+-------+------+
; ram_wrap:ram_wrap_inst|ram_2_port:ram_2_port_inst|altsyncram:altsyncram_component|altsyncram_b314:auto_generated|ALTSYNCRAM ; AUTO ; True Dual Port ; 512          ; 27           ; 512          ; 27           ; 13824 ; None ;
+-----------------------------------------------------------------------------------------------------------------------------+------+----------------+--------------+--------------+--------------+--------------+-------+------+


+----------------------------------------------------------------------------------------------------------------------------------------------+
; Analysis & Synthesis IP Cores Summary                                                                                                        ;
+--------+--------------+---------+--------------+--------------+------------------------------------------------------------+-----------------+
; Vendor ; IP Core Name ; Version ; Release Date ; License Type ; Entity Instance                                            ; IP Include File ;
+--------+--------------+---------+--------------+--------------+------------------------------------------------------------+-----------------+
; Altera ; RAM: 2-PORT  ; 18.0    ; N/A          ; N/A          ; |collatz|ram_wrap:ram_wrap_inst|ram_2_port:ram_2_port_inst ; ram_2_port.vhd  ;
+--------+--------------+---------+--------------+--------------+------------------------------------------------------------+-----------------+


+------------------------------------------------------+
; General Register Statistics                          ;
+----------------------------------------------+-------+
; Statistic                                    ; Value ;
+----------------------------------------------+-------+
; Total registers                              ; 766   ;
; Number of registers using Synchronous Clear  ; 54    ;
; Number of registers using Synchronous Load   ; 240   ;
; Number of registers using Asynchronous Clear ; 0     ;
; Number of registers using Asynchronous Load  ; 0     ;
; Number of registers using Clock Enable       ; 482   ;
; Number of registers using Preset             ; 0     ;
+----------------------------------------------+-------+


+---------------------------------------------------+
; Inverted Register Statistics                      ;
+-----------------------------------------+---------+
; Inverted Register                       ; Fan out ;
+-----------------------------------------+---------+
; control:control_inst|root_b_reg[0]      ; 6       ;
; control:control_inst|root_b_reg[1]      ; 5       ;
; control:control_inst|root_b_reg[2]      ; 5       ;
; control:control_inst|root_b_reg[3]      ; 5       ;
; control:control_inst|root_b_reg[4]      ; 5       ;
; control:control_inst|root_b_reg[5]      ; 5       ;
; control:control_inst|root_b_reg[6]      ; 5       ;
; control:control_inst|root_b_reg[7]      ; 5       ;
; control:control_inst|root_b_reg[8]      ; 5       ;
; control:control_inst|go_b_reg           ; 33      ;
; control:control_inst|go_a_reg           ; 33      ;
; Total number of inverted registers = 11 ;         ;
+-----------------------------------------+---------+


+----------------------------------------------------------------------------------------------------------------------------------------------------------------------+
; Multiplexer Restructuring Statistics (Restructuring Performed)                                                                                                       ;
+--------------------+-----------+---------------+----------------------+------------------------+------------+--------------------------------------------------------+
; Multiplexer Inputs ; Bus Width ; Baseline Area ; Area if Restructured ; Saving if Restructured ; Registered ; Example Multiplexer Output                             ;
+--------------------+-----------+---------------+----------------------+------------------------+------------+--------------------------------------------------------+
; 3:1                ; 17 bits   ; 34 LEs        ; 0 LEs                ; 34 LEs                 ; Yes        ; |collatz|control:control_inst|sort_data_a_var.root[1]  ;
; 3:1                ; 17 bits   ; 34 LEs        ; 0 LEs                ; 34 LEs                 ; Yes        ; |collatz|control:control_inst|sort_data_b_var.len[4]   ;
; 3:1                ; 44 bits   ; 88 LEs        ; 0 LEs                ; 88 LEs                 ; Yes        ; |collatz|control:control_inst|pend_root_in_reg[9]      ;
; 3:1                ; 45 bits   ; 90 LEs        ; 0 LEs                ; 90 LEs                 ; Yes        ; |collatz|pending:pending_inst|pending_list[1].root[8]  ;
; 3:1                ; 45 bits   ; 90 LEs        ; 0 LEs                ; 90 LEs                 ; Yes        ; |collatz|pending:pending_inst|pending_list[2].len[2]   ;
; 4:1                ; 27 bits   ; 54 LEs        ; 54 LEs               ; 0 LEs                  ; Yes        ; |collatz|pending:pending_inst|pend_len_out_a_reg[6]    ;
; 4:1                ; 45 bits   ; 90 LEs        ; 90 LEs               ; 0 LEs                  ; Yes        ; |collatz|pending:pending_inst|pend_addr_out_b_reg[3]   ;
; 4:1                ; 18 bits   ; 36 LEs        ; 0 LEs                ; 36 LEs                 ; Yes        ; |collatz|control:control_inst|sort_data_b_var.peak[15] ;
; 5:1                ; 8 bits    ; 24 LEs        ; 16 LEs               ; 8 LEs                  ; Yes        ; |collatz|climb:climb_a|len_var[0]                      ;
; 5:1                ; 8 bits    ; 24 LEs        ; 16 LEs               ; 8 LEs                  ; Yes        ; |collatz|climb:climb_b|len_var[7]                      ;
; 5:1                ; 18 bits   ; 54 LEs        ; 36 LEs               ; 18 LEs                 ; Yes        ; |collatz|climb:climb_a|peak_var[0]                     ;
; 5:1                ; 18 bits   ; 54 LEs        ; 36 LEs               ; 18 LEs                 ; Yes        ; |collatz|climb:climb_b|peak_var[16]                    ;
; 3:1                ; 10 bits   ; 20 LEs        ; 20 LEs               ; 0 LEs                  ; No         ; |collatz|sort:sort_inst|chains                         ;
; 3:1                ; 10 bits   ; 20 LEs        ; 20 LEs               ; 0 LEs                  ; No         ; |collatz|sort:sort_inst|chains                         ;
; 3:1                ; 10 bits   ; 20 LEs        ; 20 LEs               ; 0 LEs                  ; No         ; |collatz|sort:sort_inst|chains                         ;
; 3:1                ; 10 bits   ; 20 LEs        ; 20 LEs               ; 0 LEs                  ; No         ; |collatz|sort:sort_inst|chains                         ;
; 4:1                ; 6 bits    ; 12 LEs        ; 12 LEs               ; 0 LEs                  ; No         ; |collatz|climb:climb_a|root_var                        ;
; 3:1                ; 4 bits    ; 8 LEs         ; 8 LEs                ; 0 LEs                  ; No         ; |collatz|climb:climb_a|root_var                        ;
; 3:1                ; 2 bits    ; 4 LEs         ; 4 LEs                ; 0 LEs                  ; No         ; |collatz|climb:climb_a|root_var                        ;
; 3:1                ; 2 bits    ; 4 LEs         ; 4 LEs                ; 0 LEs                  ; No         ; |collatz|climb:climb_a|root_var                        ;
; 4:1                ; 4 bits    ; 8 LEs         ; 8 LEs                ; 0 LEs                  ; No         ; |collatz|climb:climb_a|root_var                        ;
; 4:1                ; 2 bits    ; 4 LEs         ; 4 LEs                ; 0 LEs                  ; No         ; |collatz|climb:climb_a|root_var                        ;
; 4:1                ; 7 bits    ; 14 LEs        ; 14 LEs               ; 0 LEs                  ; No         ; |collatz|climb:climb_b|root_var                        ;
; 3:1                ; 4 bits    ; 8 LEs         ; 8 LEs                ; 0 LEs                  ; No         ; |collatz|climb:climb_b|root_var                        ;
; 3:1                ; 3 bits    ; 6 LEs         ; 6 LEs                ; 0 LEs                  ; No         ; |collatz|climb:climb_b|root_var                        ;
; 4:1                ; 4 bits    ; 8 LEs         ; 8 LEs                ; 0 LEs                  ; No         ; |collatz|climb:climb_b|root_var                        ;
; 4:1                ; 18 bits   ; 36 LEs        ; 36 LEs               ; 0 LEs                  ; No         ; |collatz|sort:sort_inst|chains                         ;
; 4:1                ; 18 bits   ; 36 LEs        ; 36 LEs               ; 0 LEs                  ; No         ; |collatz|sort:sort_inst|chains                         ;
; 7:1                ; 5 bits    ; 20 LEs        ; 20 LEs               ; 0 LEs                  ; No         ; |collatz|climb:climb_a|root_var                        ;
; 7:1                ; 5 bits    ; 20 LEs        ; 20 LEs               ; 0 LEs                  ; No         ; |collatz|climb:climb_b|root_var                        ;
; 8:1                ; 8 bits    ; 40 LEs        ; 40 LEs               ; 0 LEs                  ; No         ; |collatz|climb:climb_a|root_var                        ;
; 8:1                ; 8 bits    ; 40 LEs        ; 40 LEs               ; 0 LEs                  ; No         ; |collatz|climb:climb_b|root_var                        ;
; 12:1               ; 2 bits    ; 16 LEs        ; 16 LEs               ; 0 LEs                  ; No         ; |collatz|climb:climb_a|shift                           ;
; 12:1               ; 2 bits    ; 16 LEs        ; 16 LEs               ; 0 LEs                  ; No         ; |collatz|climb:climb_b|shift                           ;
+--------------------+-----------+---------------+----------------------+------------------------+------------+--------------------------------------------------------+


+-----------------------------------------------------------------------------------------------------------------------------------------+
; Source assignments for ram_wrap:ram_wrap_inst|ram_2_port:ram_2_port_inst|altsyncram:altsyncram_component|altsyncram_b314:auto_generated ;
+---------------------------------+--------------------+------+---------------------------------------------------------------------------+
; Assignment                      ; Value              ; From ; To                                                                        ;
+---------------------------------+--------------------+------+---------------------------------------------------------------------------+
; OPTIMIZE_POWER_DURING_SYNTHESIS ; NORMAL_COMPILATION ; -    ; -                                                                         ;
+---------------------------------+--------------------+------+---------------------------------------------------------------------------+


+--------------------------------------------------------------------------------------------------------------------------------+
; Parameter Settings for User Entity Instance: ram_wrap:ram_wrap_inst|ram_2_port:ram_2_port_inst|altsyncram:altsyncram_component ;
+------------------------------------+----------------------+--------------------------------------------------------------------+
; Parameter Name                     ; Value                ; Type                                                               ;
+------------------------------------+----------------------+--------------------------------------------------------------------+
; BYTE_SIZE_BLOCK                    ; 8                    ; Untyped                                                            ;
; AUTO_CARRY_CHAINS                  ; ON                   ; AUTO_CARRY                                                         ;
; IGNORE_CARRY_BUFFERS               ; OFF                  ; IGNORE_CARRY                                                       ;
; AUTO_CASCADE_CHAINS                ; ON                   ; AUTO_CASCADE                                                       ;
; IGNORE_CASCADE_BUFFERS             ; OFF                  ; IGNORE_CASCADE                                                     ;
; WIDTH_BYTEENA                      ; 1                    ; Untyped                                                            ;
; OPERATION_MODE                     ; BIDIR_DUAL_PORT      ; Untyped                                                            ;
; WIDTH_A                            ; 27                   ; Signed Integer                                                     ;
; WIDTHAD_A                          ; 9                    ; Signed Integer                                                     ;
; NUMWORDS_A                         ; 512                  ; Signed Integer                                                     ;
; OUTDATA_REG_A                      ; UNREGISTERED         ; Untyped                                                            ;
; ADDRESS_ACLR_A                     ; NONE                 ; Untyped                                                            ;
; OUTDATA_ACLR_A                     ; NONE                 ; Untyped                                                            ;
; WRCONTROL_ACLR_A                   ; NONE                 ; Untyped                                                            ;
; INDATA_ACLR_A                      ; NONE                 ; Untyped                                                            ;
; BYTEENA_ACLR_A                     ; NONE                 ; Untyped                                                            ;
; WIDTH_B                            ; 27                   ; Signed Integer                                                     ;
; WIDTHAD_B                          ; 9                    ; Signed Integer                                                     ;
; NUMWORDS_B                         ; 512                  ; Signed Integer                                                     ;
; INDATA_REG_B                       ; CLOCK0               ; Untyped                                                            ;
; WRCONTROL_WRADDRESS_REG_B          ; CLOCK0               ; Untyped                                                            ;
; RDCONTROL_REG_B                    ; CLOCK1               ; Untyped                                                            ;
; ADDRESS_REG_B                      ; CLOCK0               ; Untyped                                                            ;
; OUTDATA_REG_B                      ; UNREGISTERED         ; Untyped                                                            ;
; BYTEENA_REG_B                      ; CLOCK1               ; Untyped                                                            ;
; INDATA_ACLR_B                      ; NONE                 ; Untyped                                                            ;
; WRCONTROL_ACLR_B                   ; NONE                 ; Untyped                                                            ;
; ADDRESS_ACLR_B                     ; NONE                 ; Untyped                                                            ;
; OUTDATA_ACLR_B                     ; NONE                 ; Untyped                                                            ;
; RDCONTROL_ACLR_B                   ; NONE                 ; Untyped                                                            ;
; BYTEENA_ACLR_B                     ; NONE                 ; Untyped                                                            ;
; WIDTH_BYTEENA_A                    ; 1                    ; Signed Integer                                                     ;
; WIDTH_BYTEENA_B                    ; 1                    ; Signed Integer                                                     ;
; RAM_BLOCK_TYPE                     ; AUTO                 ; Untyped                                                            ;
; BYTE_SIZE                          ; 8                    ; Signed Integer                                                     ;
; READ_DURING_WRITE_MODE_MIXED_PORTS ; DONT_CARE            ; Untyped                                                            ;
; READ_DURING_WRITE_MODE_PORT_A      ; NEW_DATA_NO_NBE_READ ; Untyped                                                            ;
; READ_DURING_WRITE_MODE_PORT_B      ; NEW_DATA_NO_NBE_READ ; Untyped                                                            ;
; INIT_FILE                          ; UNUSED               ; Untyped                                                            ;
; INIT_FILE_LAYOUT                   ; PORT_A               ; Untyped                                                            ;
; MAXIMUM_DEPTH                      ; 0                    ; Signed Integer                                                     ;
; CLOCK_ENABLE_INPUT_A               ; BYPASS               ; Untyped                                                            ;
; CLOCK_ENABLE_INPUT_B               ; BYPASS               ; Untyped                                                            ;
; CLOCK_ENABLE_OUTPUT_A              ; BYPASS               ; Untyped                                                            ;
; CLOCK_ENABLE_OUTPUT_B              ; BYPASS               ; Untyped                                                            ;
; CLOCK_ENABLE_CORE_A                ; USE_INPUT_CLKEN      ; Untyped                                                            ;
; CLOCK_ENABLE_CORE_B                ; USE_INPUT_CLKEN      ; Untyped                                                            ;
; ENABLE_ECC                         ; FALSE                ; Untyped                                                            ;
; ECC_PIPELINE_STAGE_ENABLED         ; FALSE                ; Untyped                                                            ;
; WIDTH_ECCSTATUS                    ; 3                    ; Signed Integer                                                     ;
; DEVICE_FAMILY                      ; Cyclone V            ; Untyped                                                            ;
; CBXI_PARAMETER                     ; altsyncram_b314      ; Untyped                                                            ;
+------------------------------------+----------------------+--------------------------------------------------------------------+
Note: In order to hide this table in the UI and the text report file, please set the "Show Parameter Settings in Synthesis Report" option in "Analysis and Synthesis Settings -> More Settings" to "Off".


+-------------------------------------------------------------------------------------------------------------------------------+
; altsyncram Parameter Settings by Entity Instance                                                                              ;
+-------------------------------------------+-----------------------------------------------------------------------------------+
; Name                                      ; Value                                                                             ;
+-------------------------------------------+-----------------------------------------------------------------------------------+
; Number of entity instances                ; 1                                                                                 ;
; Entity Instance                           ; ram_wrap:ram_wrap_inst|ram_2_port:ram_2_port_inst|altsyncram:altsyncram_component ;
;     -- OPERATION_MODE                     ; BIDIR_DUAL_PORT                                                                   ;
;     -- WIDTH_A                            ; 27                                                                                ;
;     -- NUMWORDS_A                         ; 512                                                                               ;
;     -- OUTDATA_REG_A                      ; UNREGISTERED                                                                      ;
;     -- WIDTH_B                            ; 27                                                                                ;
;     -- NUMWORDS_B                         ; 512                                                                               ;
;     -- ADDRESS_REG_B                      ; CLOCK0                                                                            ;
;     -- OUTDATA_REG_B                      ; UNREGISTERED                                                                      ;
;     -- RAM_BLOCK_TYPE                     ; AUTO                                                                              ;
;     -- READ_DURING_WRITE_MODE_MIXED_PORTS ; DONT_CARE                                                                         ;
+-------------------------------------------+-----------------------------------------------------------------------------------+


+-----------------------------------------------------+
; Post-Synthesis Netlist Statistics for Top Partition ;
+-----------------------+-----------------------------+
; Type                  ; Count                       ;
+-----------------------+-----------------------------+
; arriav_ff             ; 766                         ;
;     ENA               ; 334                         ;
;     ENA SCLR          ; 52                          ;
;     ENA SLD           ; 96                          ;
;     SCLR              ; 2                           ;
;     SLD               ; 144                         ;
;     plain             ; 138                         ;
; arriav_lcell_comb     ; 1931                        ;
;     arith             ; 180                         ;
;         1 data inputs ; 84                          ;
;         2 data inputs ; 70                          ;
;         4 data inputs ; 26                          ;
;     extend            ; 17                          ;
;         7 data inputs ; 17                          ;
;     normal            ; 1734                        ;
;         1 data inputs ; 22                          ;
;         2 data inputs ; 116                         ;
;         3 data inputs ; 355                         ;
;         4 data inputs ; 286                         ;
;         5 data inputs ; 327                         ;
;         6 data inputs ; 628                         ;
; boundary_port         ; 177                         ;
; stratixv_ram_block    ; 27                          ;
;                       ;                             ;
; Max LUT depth         ; 34.00                       ;
; Average LUT depth     ; 16.15                       ;
+-----------------------+-----------------------------+


+-------------------------------+
; Elapsed Time Per Partition    ;
+----------------+--------------+
; Partition Name ; Elapsed Time ;
+----------------+--------------+
; Top            ; 00:00:22     ;
+----------------+--------------+


+-------------------------------+
; Analysis & Synthesis Messages ;
+-------------------------------+
Info: *******************************************************************
Info: Running Quartus Prime Analysis & Synthesis
    Info: Version 18.0.0 Build 614 04/24/2018 SJ Lite Edition
    Info: Processing started: Tue Jan 15 06:24:09 2019
Info: Command: quartus_map --read_settings_files=on --write_settings_files=off collatz -c collatz
Warning (18236): Number of processors has not been specified which may cause overloading on shared machines.  Set the global assignment NUM_PARALLEL_PROCESSORS in your QSF to an appropriate value for best performance.
Info (20030): Parallel compilation is enabled and will use 2 of the 2 processors detected
Info (12021): Found 2 design units, including 1 entities, in source file testbench.vhd
    Info (12022): Found design unit 1: testbench-behaviour File: /vagrant/hw_report_2018/testbench.vhd Line: 10
    Info (12023): Found entity 1: testbench File: /vagrant/hw_report_2018/testbench.vhd Line: 7
Info (12021): Found 2 design units, including 1 entities, in source file ram_wrap.vhd
    Info (12022): Found design unit 1: ram_wrap-ram_wrap_architecture File: /vagrant/hw_report_2018/ram_wrap.vhd Line: 30
    Info (12023): Found entity 1: ram_wrap File: /vagrant/hw_report_2018/ram_wrap.vhd Line: 9
Info (12021): Found 2 design units, including 1 entities, in source file ram_2_port.vhd
    Info (12022): Found design unit 1: ram_2_port-SYN File: /vagrant/hw_report_2018/ram_2_port.vhd Line: 58
    Info (12023): Found entity 1: ram_2_port File: /vagrant/hw_report_2018/ram_2_port.vhd Line: 42
Info (12021): Found 1 design units, including 0 entities, in source file types.vhd
    Info (12022): Found design unit 1: types File: /vagrant/hw_report_2018/types.vhd Line: 6
Info (12021): Found 2 design units, including 1 entities, in source file sort.vhd
    Info (12022): Found design unit 1: sort-sort_architecture File: /vagrant/hw_report_2018/sort.vhd Line: 24
    Info (12023): Found entity 1: sort File: /vagrant/hw_report_2018/sort.vhd Line: 10
Info (12021): Found 2 design units, including 1 entities, in source file pending.vhd
    Info (12022): Found design unit 1: pending-pending_architecture File: /vagrant/hw_report_2018/pending.vhd Line: 40
    Info (12023): Found entity 1: pending File: /vagrant/hw_report_2018/pending.vhd Line: 10
Info (12021): Found 2 design units, including 1 entities, in source file count_clk.vhd
    Info (12022): Found design unit 1: count_clk-count_clk_architecture File: /vagrant/hw_report_2018/count_clk.vhd Line: 23
    Info (12023): Found entity 1: count_clk File: /vagrant/hw_report_2018/count_clk.vhd Line: 9
Info (12021): Found 2 design units, including 1 entities, in source file control.vhd
    Info (12022): Found design unit 1: control-control_architecture File: /vagrant/hw_report_2018/control.vhd Line: 57
    Info (12023): Found entity 1: control File: /vagrant/hw_report_2018/control.vhd Line: 9
Info (12021): Found 2 design units, including 1 entities, in source file collatz.vhd
    Info (12022): Found design unit 1: collatz-bdf_type File: /vagrant/hw_report_2018/collatz.vhd Line: 16
    Info (12023): Found entity 1: collatz File: /vagrant/hw_report_2018/collatz.vhd Line: 7
Info (12021): Found 2 design units, including 1 entities, in source file climb.vhd
    Info (12022): Found design unit 1: climb-climb_architecture File: /vagrant/hw_report_2018/climb.vhd Line: 28
    Info (12023): Found entity 1: climb File: /vagrant/hw_report_2018/climb.vhd Line: 10
Info (12127): Elaborating entity "collatz" for the top level hierarchy
Info (12128): Elaborating entity "climb" for hierarchy "climb:climb_a" File: /vagrant/hw_report_2018/collatz.vhd Line: 179
Warning (10492): VHDL Process Statement warning at climb.vhd(180): signal "done_a_reg" is read inside the Process Statement but isn't in the Process Statement's sensitivity list File: /vagrant/hw_report_2018/climb.vhd Line: 180
Info (12128): Elaborating entity "control" for hierarchy "control:control_inst" File: /vagrant/hw_report_2018/collatz.vhd Line: 203
Warning (10492): VHDL Process Statement warning at control.vhd(146): signal "pend_start_reg" is read inside the Process Statement but isn't in the Process Statement's sensitivity list File: /vagrant/hw_report_2018/control.vhd Line: 146
Warning (10492): VHDL Process Statement warning at control.vhd(178): signal "pend_start_reg" is read inside the Process Statement but isn't in the Process Statement's sensitivity list File: /vagrant/hw_report_2018/control.vhd Line: 178
Info (12128): Elaborating entity "count_clk" for hierarchy "count_clk:count_clk_inst" File: /vagrant/hw_report_2018/collatz.vhd Line: 247
Info (12128): Elaborating entity "pending" for hierarchy "pending:pending_inst" File: /vagrant/hw_report_2018/collatz.vhd Line: 253
Warning (10540): VHDL Signal Declaration warning at pending.vhd(28): used explicit default value for signal "pend_peak_out_a" because signal was never assigned a value File: /vagrant/hw_report_2018/pending.vhd Line: 28
Warning (10036): Verilog HDL or VHDL warning at pending.vhd(51): object "pend_peak_out_a_reg" assigned a value but never read File: /vagrant/hw_report_2018/pending.vhd Line: 51
Info (12128): Elaborating entity "ram_wrap" for hierarchy "ram_wrap:ram_wrap_inst" File: /vagrant/hw_report_2018/collatz.vhd Line: 279
Info (12128): Elaborating entity "ram_2_port" for hierarchy "ram_wrap:ram_wrap_inst|ram_2_port:ram_2_port_inst" File: /vagrant/hw_report_2018/ram_wrap.vhd Line: 54
Info (12128): Elaborating entity "altsyncram" for hierarchy "ram_wrap:ram_wrap_inst|ram_2_port:ram_2_port_inst|altsyncram:altsyncram_component" File: /vagrant/hw_report_2018/ram_2_port.vhd Line: 67
Info (12130): Elaborated megafunction instantiation "ram_wrap:ram_wrap_inst|ram_2_port:ram_2_port_inst|altsyncram:altsyncram_component" File: /vagrant/hw_report_2018/ram_2_port.vhd Line: 67
Info (12133): Instantiated megafunction "ram_wrap:ram_wrap_inst|ram_2_port:ram_2_port_inst|altsyncram:altsyncram_component" with the following parameter: File: /vagrant/hw_report_2018/ram_2_port.vhd Line: 67
    Info (12134): Parameter "address_aclr_a" = "UNUSED"
    Info (12134): Parameter "address_aclr_b" = "NONE"
    Info (12134): Parameter "address_reg_b" = "CLOCK0"
    Info (12134): Parameter "byte_size" = "8"
    Info (12134): Parameter "byteena_aclr_a" = "UNUSED"
    Info (12134): Parameter "byteena_aclr_b" = "NONE"
    Info (12134): Parameter "byteena_reg_b" = "CLOCK1"
    Info (12134): Parameter "clock_enable_core_a" = "USE_INPUT_CLKEN"
    Info (12134): Parameter "clock_enable_core_b" = "USE_INPUT_CLKEN"
    Info (12134): Parameter "clock_enable_input_a" = "BYPASS"
    Info (12134): Parameter "clock_enable_input_b" = "BYPASS"
    Info (12134): Parameter "clock_enable_output_a" = "BYPASS"
    Info (12134): Parameter "clock_enable_output_b" = "BYPASS"
    Info (12134): Parameter "intended_device_family" = "Cyclone V"
    Info (12134): Parameter "ecc_pipeline_stage_enabled" = "FALSE"
    Info (12134): Parameter "enable_ecc" = "FALSE"
    Info (12134): Parameter "implement_in_les" = "OFF"
    Info (12134): Parameter "indata_aclr_a" = "UNUSED"
    Info (12134): Parameter "indata_aclr_b" = "NONE"
    Info (12134): Parameter "indata_reg_b" = "CLOCK0"
    Info (12134): Parameter "init_file" = "UNUSED"
    Info (12134): Parameter "init_file_layout" = "PORT_A"
    Info (12134): Parameter "maximum_depth" = "0"
    Info (12134): Parameter "numwords_a" = "512"
    Info (12134): Parameter "numwords_b" = "512"
    Info (12134): Parameter "operation_mode" = "BIDIR_DUAL_PORT"
    Info (12134): Parameter "outdata_aclr_a" = "NONE"
    Info (12134): Parameter "outdata_aclr_b" = "NONE"
    Info (12134): Parameter "outdata_reg_a" = "UNREGISTERED"
    Info (12134): Parameter "outdata_reg_b" = "UNREGISTERED"
    Info (12134): Parameter "power_up_uninitialized" = "FALSE"
    Info (12134): Parameter "ram_block_type" = "AUTO"
    Info (12134): Parameter "rdcontrol_aclr_b" = "NONE"
    Info (12134): Parameter "rdcontrol_reg_b" = "CLOCK1"
    Info (12134): Parameter "read_during_write_mode_mixed_ports" = "DONT_CARE"
    Info (12134): Parameter "read_during_write_mode_port_a" = "NEW_DATA_NO_NBE_READ"
    Info (12134): Parameter "read_during_write_mode_port_b" = "NEW_DATA_NO_NBE_READ"
    Info (12134): Parameter "stratixiv_m144k_allow_dual_clocks" = "ON"
    Info (12134): Parameter "width_a" = "27"
    Info (12134): Parameter "width_b" = "27"
    Info (12134): Parameter "width_byteena_a" = "1"
    Info (12134): Parameter "width_byteena_b" = "1"
    Info (12134): Parameter "width_eccstatus" = "3"
    Info (12134): Parameter "widthad_a" = "9"
    Info (12134): Parameter "widthad_b" = "9"
    Info (12134): Parameter "wrcontrol_aclr_a" = "UNUSED"
    Info (12134): Parameter "wrcontrol_aclr_b" = "NONE"
    Info (12134): Parameter "wrcontrol_wraddress_reg_b" = "CLOCK0"
    Info (12134): Parameter "lpm_hint" = "UNUSED"
    Info (12134): Parameter "lpm_type" = "altsyncram"
Info (12021): Found 1 design units, including 1 entities, in source file db/altsyncram_b314.tdf
    Info (12023): Found entity 1: altsyncram_b314 File: /vagrant/hw_report_2018/db/altsyncram_b314.tdf Line: 27
Info (12128): Elaborating entity "altsyncram_b314" for hierarchy "ram_wrap:ram_wrap_inst|ram_2_port:ram_2_port_inst|altsyncram:altsyncram_component|altsyncram_b314:auto_generated" File: /home/vagrant/intelFPGA_lite/18.0/quartus/libraries/megafunctions/altsyncram.tdf Line: 791
Info (12128): Elaborating entity "sort" for hierarchy "sort:sort_inst" File: /vagrant/hw_report_2018/collatz.vhd Line: 293
Info (286030): Timing-Driven Synthesis is running
Info (16010): Generating hard_block partition "hard_block:auto_generated_inst"
    Info (16011): Adding 0 node(s), including 0 DDIO, 0 PLL, 0 transceiver and 0 LCELL
Info (21057): Implemented 2690 device resources after synthesis - the final resource count might be different
    Info (21058): Implemented 1 input pins
    Info (21059): Implemented 176 output pins
    Info (21061): Implemented 2486 logic cells
    Info (21064): Implemented 27 RAM segments
Info: Quartus Prime Analysis & Synthesis was successful. 0 errors, 6 warnings
    Info: Peak virtual memory: 1084 megabytes
    Info: Processing ended: Tue Jan 15 06:25:12 2019
    Info: Elapsed time: 00:01:03
    Info: Total CPU time (on all processors): 00:00:57


